# JRE version: Java(TM) SE Runtime Environment (7.0_75-b13) (build 1.7.0_75-b13)
# Java VM: Java HotSpot(TM) 64-Bit Server VM (24.75-b04 mixed mode bsd-amd64 compressed oops)
Heap
 PSYoungGen      total 142336K, used 10273K [0x00000007eaa80000, 0x00000007f5000000, 0x0000000800000000)
  eden space 118272K, 8% used [0x00000007eaa80000,0x00000007eb488660,0x00000007f1e00000)
  from space 24064K, 0% used [0x00000007f3880000,0x00000007f3880000,0x00000007f5000000)
  to   space 25600K, 0% used [0x00000007f1e00000,0x00000007f1e00000,0x00000007f3700000)
 ParOldGen       total 44032K, used 40265K [0x00000007c0000000, 0x00000007c2b00000, 0x00000007eaa80000)
  object space 44032K, 91% used [0x00000007c0000000,0x00000007c2752498,0x00000007c2b00000)
 PSPermGen       total 88064K, used 43859K [0x00000007b0000000, 0x00000007b5600000, 0x00000007c0000000)
  object space 88064K, 49% used [0x00000007b0000000,0x00000007b2ad4c40,0x00000007b5600000)
GC Heap History (10 events):
Event: 24.569 GC heap before
{Heap before GC invocations=7 (full 0):
 PSYoungGen      total 73216K, used 72748K [0x00000007eaa80000, 0x00000007f4180000, 0x0000000800000000)
  eden space 65024K, 100% used [0x00000007eaa80000,0x00000007eea00000,0x00000007eea00000)
  from space 8192K, 94% used [0x00000007f3980000,0x00000007f410b050,0x00000007f4180000)
  to   space 11776K, 0% used [0x00000007f2a80000,0x00000007f2a80000,0x00000007f3600000)
 ParOldGen       total 43520K, used 15858K [0x00000007c0000000, 0x00000007c2a80000, 0x00000007eaa80000)
  object space 43520K, 36% used [0x00000007c0000000,0x00000007c0f7ca00,0x00000007c2a80000)
 PSPermGen       total 32256K, used 31962K [0x00000007b0000000, 0x00000007b1f80000, 0x00000007c0000000)
  object space 32256K, 99% used [0x00000007b0000000,0x00000007b1f36860,0x00000007b1f80000)
Event: 24.606 GC heap after
Heap after GC invocations=7 (full 0):
 PSYoungGen      total 141824K, used 11747K [0x00000007eaa80000, 0x00000007f4680000, 0x0000000800000000)
  eden space 130048K, 0% used [0x00000007eaa80000,0x00000007eaa80000,0x00000007f2980000)
  from space 11776K, 99% used [0x00000007f2a80000,0x00000007f35f8e08,0x00000007f3600000)
  to   space 14848K, 0% used [0x00000007f3800000,0x00000007f3800000,0x00000007f4680000)
 ParOldGen       total 43520K, used 18010K [0x00000007c0000000, 0x00000007c2a80000, 0x00000007eaa80000)
  object space 43520K, 41% used [0x00000007c0000000,0x00000007c1196a58,0x00000007c2a80000)
 PSPermGen       total 32256K, used 31962K [0x00000007b0000000, 0x00000007b1f80000, 0x00000007c0000000)
  object space 32256K, 99% used [0x00000007b0000000,0x00000007b1f36860,0x00000007b1f80000)
}
Event: 31.702 GC heap before
{Heap before GC invocations=8 (full 0):
 PSYoungGen      total 141824K, used 141795K [0x00000007eaa80000, 0x00000007f4680000, 0x0000000800000000)
  eden space 130048K, 100% used [0x00000007eaa80000,0x00000007f2980000,0x00000007f2980000)
  from space 11776K, 99% used [0x00000007f2a80000,0x00000007f35f8e08,0x00000007f3600000)
  to   space 14848K, 0% used [0x00000007f3800000,0x00000007f3800000,0x00000007f4680000)
 ParOldGen       total 43520K, used 18010K [0x00000007c0000000, 0x00000007c2a80000, 0x00000007eaa80000)
  object space 43520K, 41% used [0x00000007c0000000,0x00000007c1196a58,0x00000007c2a80000)
 PSPermGen       total 36352K, used 35858K [0x00000007b0000000, 0x00000007b2380000, 0x00000007c0000000)
  object space 36352K, 98% used [0x00000007b0000000,0x00000007b2304950,0x00000007b2380000)
Event: 31.786 GC heap after
Heap after GC invocations=8 (full 0):
 PSYoungGen      total 138240K, used 14836K [0x00000007eaa80000, 0x00000007fd280000, 0x0000000800000000)
  eden space 123392K, 0% used [0x00000007eaa80000,0x00000007eaa80000,0x00000007f2300000)
  from space 14848K, 99% used [0x00000007f3800000,0x00000007f467d100,0x00000007f4680000)
  to   space 21504K, 0% used [0x00000007f2300000,0x00000007f2300000,0x00000007f3800000)
 ParOldGen       total 43520K, used 27969K [0x00000007c0000000, 0x00000007c2a80000, 0x00000007eaa80000)
  object space 43520K, 64% used [0x00000007c0000000,0x00000007c1b50480,0x00000007c2a80000)
 PSPermGen       total 36352K, used 35858K [0x00000007b0000000, 0x00000007b2380000, 0x00000007c0000000)
  object space 36352K, 98% used [0x00000007b0000000,0x00000007b2304950,0x00000007b2380000)
}
Event: 45.896 GC heap before
{Heap before GC invocations=9 (full 0):
 PSYoungGen      total 138240K, used 138228K [0x00000007eaa80000, 0x00000007fd280000, 0x0000000800000000)
  eden space 123392K, 100% used [0x00000007eaa80000,0x00000007f2300000,0x00000007f2300000)
  from space 14848K, 99% used [0x00000007f3800000,0x00000007f467d100,0x00000007f4680000)
  to   space 21504K, 0% used [0x00000007f2300000,0x00000007f2300000,0x00000007f3800000)
 ParOldGen       total 43520K, used 27969K [0x00000007c0000000, 0x00000007c2a80000, 0x00000007eaa80000)
  object space 43520K, 64% used [0x00000007c0000000,0x00000007c1b50480,0x00000007c2a80000)
 PSPermGen       total 43520K, used 43016K [0x00000007b0000000, 0x00000007b2a80000, 0x00000007c0000000)
  object space 43520K, 98% used [0x00000007b0000000,0x00000007b2a02268,0x00000007b2a80000)
Event: 45.949 GC heap after
Heap after GC invocations=9 (full 0):
 PSYoungGen      total 139776K, used 21474K [0x00000007eaa80000, 0x00000007f5300000, 0x0000000800000000)
  eden space 118272K, 0% used [0x00000007eaa80000,0x00000007eaa80000,0x00000007f1e00000)
  from space 21504K, 99% used [0x00000007f2300000,0x00000007f37f88a0,0x00000007f3800000)
  to   space 27136K, 0% used [0x00000007f3880000,0x00000007f3880000,0x00000007f5300000)
 ParOldGen       total 43520K, used 32022K [0x00000007c0000000, 0x00000007c2a80000, 0x00000007eaa80000)
  object space 43520K, 73% used [0x00000007c0000000,0x00000007c1f45958,0x00000007c2a80000)
 PSPermGen       total 43520K, used 43016K [0x00000007b0000000, 0x00000007b2a80000, 0x00000007c0000000)
  object space 43520K, 98% used [0x00000007b0000000,0x00000007b2a02268,0x00000007b2a80000)
}
Event: 46.733 GC heap before
{Heap before GC invocations=10 (full 0):
 PSYoungGen      total 139776K, used 43452K [0x00000007eaa80000, 0x00000007f5300000, 0x0000000800000000)
  eden space 118272K, 18% used [0x00000007eaa80000,0x00000007ebff6828,0x00000007f1e00000)
  from space 21504K, 99% used [0x00000007f2300000,0x00000007f37f88a0,0x00000007f3800000)
  to   space 27136K, 0% used [0x00000007f3880000,0x00000007f3880000,0x00000007f5300000)
 ParOldGen       total 43520K, used 32022K [0x00000007c0000000, 0x00000007c2a80000, 0x00000007eaa80000)
  object space 43520K, 73% used [0x00000007c0000000,0x00000007c1f45958,0x00000007c2a80000)
 PSPermGen       total 44032K, used 43857K [0x00000007b0000000, 0x00000007b2b00000, 0x00000007c0000000)
  object space 44032K, 99% used [0x00000007b0000000,0x00000007b2ad4580,0x00000007b2b00000)
Event: 46.765 GC heap after
Heap after GC invocations=10 (full 0):
 PSYoungGen      total 142336K, used 9239K [0x00000007eaa80000, 0x00000007f5000000, 0x0000000800000000)
  eden space 118272K, 0% used [0x00000007eaa80000,0x00000007eaa80000,0x00000007f1e00000)
  from space 24064K, 38% used [0x00000007f3880000,0x00000007f4185ec0,0x00000007f5000000)
  to   space 25600K, 0% used [0x00000007f1e00000,0x00000007f1e00000,0x00000007f3700000)
 ParOldGen       total 44032K, used 43714K [0x00000007c0000000, 0x00000007c2b00000, 0x00000007eaa80000)
  object space 44032K, 99% used [0x00000007c0000000,0x00000007c2ab09f8,0x00000007c2b00000)
 PSPermGen       total 44032K, used 43857K [0x00000007b0000000, 0x00000007b2b00000, 0x00000007c0000000)
  object space 44032K, 99% used [0x00000007b0000000,0x00000007b2ad4580,0x00000007b2b00000)
}
Event: 46.793 GC heap before
{Heap before GC invocations=11 (full 1):
 PSYoungGen      total 142336K, used 9239K [0x00000007eaa80000, 0x00000007f5000000, 0x0000000800000000)
  eden space 118272K, 0% used [0x00000007eaa80000,0x00000007eaa80000,0x00000007f1e00000)
  from space 24064K, 38% used [0x00000007f3880000,0x00000007f4185ec0,0x00000007f5000000)
  to   space 25600K, 0% used [0x00000007f1e00000,0x00000007f1e00000,0x00000007f3700000)
 ParOldGen       total 44032K, used 43714K [0x00000007c0000000, 0x00000007c2b00000, 0x00000007eaa80000)
  object space 44032K, 99% used [0x00000007c0000000,0x00000007c2ab09f8,0x00000007c2b00000)
 PSPermGen       total 44032K, used 43857K [0x00000007b0000000, 0x00000007b2b00000, 0x00000007c0000000)
  object space 44032K, 99% used [0x00000007b0000000,0x00000007b2ad4580,0x00000007b2b00000)
Event: 47.206 GC heap after
Heap after GC invocations=11 (full 1):
 PSYoungGen      total 142336K, used 0K [0x00000007eaa80000, 0x00000007f5000000, 0x0000000800000000)
  eden space 118272K, 0% used [0x00000007eaa80000,0x00000007eaa80000,0x00000007f1e00000)
  from space 24064K, 0% used [0x00000007f3880000,0x00000007f3880000,0x00000007f5000000)
  to   space 25600K, 0% used [0x00000007f1e00000,0x00000007f1e00000,0x00000007f3700000)
 ParOldGen       total 44032K, used 40265K [0x00000007c0000000, 0x00000007c2b00000, 0x00000007eaa80000)
  object space 44032K, 91% used [0x00000007c0000000,0x00000007c2752498,0x00000007c2b00000)
 PSPermGen       total 88064K, used 43832K [0x00000007b0000000, 0x00000007b5600000, 0x00000007c0000000)
  object space 88064K, 49% used [0x00000007b0000000,0x00000007b2ace000,0x00000007b5600000)
}

